
002_S_2010
/home/ubuntu/Desktop/ADNI_MRI_Image/nii_MCI/002_S_2010/401_mprage_sense2.nii.gz
Waiting for upload task to be ready...
Uploading data..
Dataset successfully uploaded
Validating data... (brainlife/validator-neuro-anat)
submitting validation task..
waiting for validation task..
Warning: transform matrix 0.1 is not 1
Warning: transform matrix 1.1 is not 1
Warning: transform  matrix 2.2 is not 1
waiting for archive request made on the validation output
5e5f93d07ee245833be2bafe(stored) Successfully completed in 0.29 mins on wrangler(nfs)
archived! 5e5f93d07ee245833be2bafe
002_S_2043
/home/ubuntu/Desktop/ADNI_MRI_Image/nii_MCI/002_S_2043/401_mprage_sense2.nii.gz
Waiting for upload task to be ready...
Uploading data..
Dataset successfully uploaded
Validating data... (brainlife/validator-neuro-anat)
submitting validation task..
waiting for validation task..
Warning: transform matrix 0.1 is not 1
Warning: transform matrix 1.1 is not 1
Warning: transform  matrix 2.2 is not 1
waiting for archive request made on the validation output
5e5f93f07ee2459721e2bb1d(stored) Successfully completed in 0.43 mins on wrangler(nfs)
archived! 5e5f93f07ee2459721e2bb1d
002_S_2073
/home/ubuntu/Desktop/ADNI_MRI_Image/nii_MCI/002_S_2073/401_mprage_sense2.nii.gz
Waiting for upload task to be ready...
Uploading data..
Dataset successfully uploaded
Validating data... (brainlife/validator-neuro-anat)
submitting validation task..
waiting for validation task..
Warning: transform matrix 0.1 is not 1
Warning: transform matrix 1.1 is not 1
Warning: transform  matrix 2.2 is not 1
waiting for archive request made on the validation output
5e5f94157ee2458164e2bb4b(stored) Successfully completed in 0.39 mins on wrangler(nfs)
archived! 5e5f94157ee2458164e2bb4b
002_S_4171
/home/ubuntu/Desktop/ADNI_MRI_Image/nii_MCI/002_S_4171/401_mprage_sense2.nii.gz
Waiting for upload task to be ready...
Uploading data..
Dataset successfully uploaded
Validating data... (brainlife/validator-neuro-anat)
submitting validation task..
waiting for validation task..
Warning: transform matrix 0.1 is not 1
Warning: transform matrix 1.1 is not 1
Warning: transform  matrix 2.2 is not 1
waiting for archive request made on the validation output
5e5f943c7ee2457d50e2bb6e(stored) Successfully completed in 0.38 mins on wrangler(nfs)
archived! 5e5f943c7ee2457d50e2bb6e
002_S_4219
/home/ubuntu/Desktop/ADNI_MRI_Image/nii_MCI/002_S_4219/401_mprage_sense2.nii.gz
Waiting for upload task to be ready...
Uploading data..
Dataset successfully uploaded
Validating data... (brainlife/validator-neuro-anat)
submitting validation task..
waiting for validation task..
Warning: transform matrix 0.1 is not 1
Warning: transform matrix 1.1 is not 1
Warning: transform  matrix 2.2 is not 1
waiting for archive request made on the validation output
5e5f94617ee2450577e2bbaa(stored) Successfully completed in 0.34 mins on wrangler(nfs)
archived! 5e5f94617ee2450577e2bbaa
002_S_4229
/home/ubuntu/Desktop/ADNI_MRI_Image/nii_MCI/002_S_4229/401_mprage_sense2.nii.gz
Waiting for upload task to be ready...
Uploading data..
Dataset successfully uploaded
Validating data... (brainlife/validator-neuro-anat)
submitting validation task..
waiting for validation task..
Warning: transform matrix 0.1 is not 1
Warning: transform matrix 1.1 is not 1
Warning: transform  matrix 2.2 is not 1
waiting for archive request made on the validation output
5e5f94817ee245fa9fe2bbe6(stored) Successfully completed in 0.34 mins on wrangler(nfs)
archived! 5e5f94817ee245fa9fe2bbe6
002_S_4237
/home/ubuntu/Desktop/ADNI_MRI_Image/nii_MCI/002_S_4237/401_mprage_sense2.nii.gz
Waiting for upload task to be ready...
Uploading data..
Dataset successfully uploaded
Validating data... (brainlife/validator-neuro-anat)
submitting validation task..
waiting for validation task..
Warning: transform matrix 0.1 is not 1
Warning: transform matrix 1.1 is not 1
Warning: transform  matrix 2.2 is not 1
waiting for archive request made on the validation output
5e5f94a17ee2456a95e2bc02(stored) Successfully completed in 0.23 mins on wrangler(nfs)
archived! 5e5f94a17ee2456a95e2bc02
002_S_4251
/home/ubuntu/Desktop/ADNI_MRI_Image/nii_MCI/002_S_4251/401_mprage_sense2.nii.gz
Waiting for upload task to be ready...
Uploading data..
Dataset successfully uploaded
Validating data... (brainlife/validator-neuro-anat)
submitting validation task..
waiting for validation task..
Warning: transform matrix 0.1 is not 1
Warning: transform matrix 1.1 is not 1
Warning: transform  matrix 2.2 is not 1
waiting for archive request made on the validation output
5e5f94bc7ee245da0de2bc17(stored) Successfully completed in 0.30 mins on wrangler(nfs)
archived! 5e5f94bc7ee245da0de2bc17
002_S_4447
/home/ubuntu/Desktop/ADNI_MRI_Image/nii_MCI/002_S_4447/401_mprage_sense2.nii.gz
Waiting for upload task to be ready...
Uploading data..
Dataset successfully uploaded
Validating data... (brainlife/validator-neuro-anat)
submitting validation task..
waiting for validation task..
Warning: transform matrix 0.1 is not 1
Warning: transform matrix 1.1 is not 1
Warning: transform  matrix 2.2 is not 1
waiting for archive request made on the validation output
5e5f94e77ee245366be2bc76(stored) Successfully completed in 0.33 mins on wrangler(nfs)
archived! 5e5f94e77ee245366be2bc76
002_S_4473
/home/ubuntu/Desktop/ADNI_MRI_Image/nii_MCI/002_S_4473/401_mprage_sense2.nii.gz
Waiting for upload task to be ready...
Uploading data..
Dataset successfully uploaded
Validating data... (brainlife/validator-neuro-anat)
submitting validation task..
waiting for validation task..
Warning: transform matrix 0.1 is not 1
Warning: transform matrix 1.1 is not 1
Warning: transform  matrix 2.2 is not 1
waiting for archive request made on the validation output
5e5f95077ee2456550e2bc99(stored) Successfully completed in 0.35 mins on wrangler(nfs)
archived! 5e5f95077ee2456550e2bc99
002_S_4521
/home/ubuntu/Desktop/ADNI_MRI_Image/nii_MCI/002_S_4521/401_mprage_sense2.nii.gz
Waiting for upload task to be ready...
Uploading data..
Dataset successfully uploaded
Validating data... (brainlife/validator-neuro-anat)
submitting validation task..
waiting for validation task..
Warning: transform matrix 0.1 is not 1
Warning: transform matrix 1.1 is not 1
Warning: transform  matrix 2.2 is not 1
waiting for archive request made on the validation output
5e5f952d7ee245d4f6e2bcce(stored) Successfully completed in 0.35 mins on wrangler(nfs)
archived! 5e5f952d7ee245d4f6e2bcce
002_S_4654
/home/ubuntu/Desktop/ADNI_MRI_Image/nii_MCI/002_S_4654/401_mprage_sense2.nii.gz
Waiting for upload task to be ready...
Uploading data..
Dataset successfully uploaded
Validating data... (brainlife/validator-neuro-anat)
submitting validation task..
waiting for validation task..
Warning: transform matrix 0.1 is not 1
Warning: transform matrix 1.1 is not 1
Warning: transform  matrix 2.2 is not 1
waiting for archive request made on the validation output
5e5f95527ee245ff27e2bd03(stored) Successfully completed in 0.33 mins on wrangler(nfs)
archived! 5e5f95527ee245ff27e2bd03
002_S_4746
/home/ubuntu/Desktop/ADNI_MRI_Image/nii_MCI/002_S_4746/401_mprage_sense2.nii.gz
Waiting for upload task to be ready...
Uploading data..
Dataset successfully uploaded
Validating data... (brainlife/validator-neuro-anat)
submitting validation task..
waiting for validation task..
Warning: transform matrix 0.1 is not 1
Warning: transform matrix 1.1 is not 1
Warning: transform  matrix 2.2 is not 1
waiting for archive request made on the validation output
5e5f95717ee2457c3ae2bd38(stored) Successfully completed in 0.32 mins on wrangler(nfs)
archived! 5e5f95717ee2457c3ae2bd38
002_S_4799
/home/ubuntu/Desktop/ADNI_MRI_Image/nii_MCI/002_S_4799/401_mprage_sense2.nii.gz
Waiting for upload task to be ready...
Uploading data..
Dataset successfully uploaded
Validating data... (brainlife/validator-neuro-anat)
submitting validation task..
waiting for validation task..
Warning: transform matrix 0.1 is not 1
Warning: transform matrix 1.1 is not 1
Warning: transform  matrix 2.2 is not 1
waiting for archive request made on the validation output
5e5f95917ee245ab57e2bd68(stored) Successfully completed in 0.20 mins on wrangler(nfs)
archived! 5e5f95917ee245ab57e2bd68
002_S_6652
/home/ubuntu/Desktop/ADNI_MRI_Image/nii_MCI/002_S_6652/2_accelerated_sagittal_mprage.nii.gz
Waiting for upload task to be ready...
Uploading data..
Dataset successfully uploaded
Validating data... (brainlife/validator-neuro-anat)
submitting validation task..
waiting for validation task..
Warning: transform matrix 0.1 is not 1
waiting for archive request made on the validation output
5e5f95ae7ee2455c16e2bd89(stored) Successfully completed in 0.16 mins on wrangler(nfs)
archived! 5e5f95ae7ee2455c16e2bd89
002_S_6695
/home/ubuntu/Desktop/ADNI_MRI_Image/nii_MCI/002_S_6695/2_accelerated_sagittal_mprage.nii.gz
Waiting for upload task to be ready...
Uploading data..
Dataset successfully uploaded
Validating data... (brainlife/validator-neuro-anat)
submitting validation task..
waiting for validation task..
Warning: transform matrix 0.1 is not 1
waiting for archive request made on the validation output
5e5f95c47ee2450d83e2bda0(stored) Successfully completed in 0.35 mins on wrangler(nfs)
archived! 5e5f95c47ee2450d83e2bda0
003_S_2374
/home/ubuntu/Desktop/ADNI_MRI_Image/nii_MCI/003_S_2374/2_accelerated_sagittal_mprage.nii.gz
Waiting for upload task to be ready...
Uploading data..
Dataset successfully uploaded
Validating data... (brainlife/validator-neuro-anat)
submitting validation task..
waiting for validation task..
Warning: transform matrix 0.1 is not 1
waiting for archive request made on the validation output
5e5f95e47ee2459d71e2bdc1(stored) Successfully completed in 0.40 mins on wrangler(nfs)
archived! 5e5f95e47ee2459d71e2bdc1
003_S_4354
/home/ubuntu/Desktop/ADNI_MRI_Image/nii_MCI/003_S_4354/2_accelerated_sagittal_mprage.nii.gz
Waiting for upload task to be ready...
Uploading data..
Dataset successfully uploaded
Validating data... (brainlife/validator-neuro-anat)
submitting validation task..
waiting for validation task..
Warning: transform matrix 0.1 is not 1
waiting for archive request made on the validation output
5e5f960a7ee245ff04e2bdff(stored) Successfully completed in 0.32 mins on wrangler(nfs)
archived! 5e5f960a7ee245ff04e2bdff
003_S_4524
/home/ubuntu/Desktop/ADNI_MRI_Image/nii_MCI/003_S_4524/4_accelerated_sag_ir-spgr.nii.gz
Waiting for upload task to be ready...
Uploading data..
Dataset successfully uploaded
Validating data... (brainlife/validator-neuro-anat)
submitting validation task..
waiting for validation task..
Warning: transform matrix 0.1 is not 1
Warning: transform matrix 1.1 is not 1
Warning: transform  matrix 2.2 is not 1
waiting for archive request made on the validation output
5e5f962a7ee2455fd4e2be52(stored) Successfully completed in 0.30 mins on wrangler(nfs)
archived! 5e5f962a7ee2455fd4e2be52
003_S_6258
/home/ubuntu/Desktop/ADNI_MRI_Image/nii_MCI/003_S_6258/2_accelerated_sagittal_mprage.nii.gz
Waiting for upload task to be ready...
Uploading data..
Dataset successfully uploaded
Validating data... (brainlife/validator-neuro-anat)
submitting validation task..
waiting for validation task..
Warning: transform matrix 0.1 is not 1
waiting for archive request made on the validation output
5e5f964a7ee245062ce2be70(stored) Successfully completed in 0.15 mins on wrangler(nfs)
archived! 5e5f964a7ee245062ce2be70
003_S_6268
/home/ubuntu/Desktop/ADNI_MRI_Image/nii_MCI/003_S_6268/2_accelerated_sagittal_mprage.nii.gz
Waiting for upload task to be ready...
Uploading data..
Dataset successfully uploaded
Validating data... (brainlife/validator-neuro-anat)
submitting validation task..
waiting for validation task..
Warning: transform matrix 0.1 is not 1
waiting for archive request made on the validation output
5e5f965f7ee2456026e2be87(stored) Successfully completed in 0.32 mins on wrangler(nfs)
archived! 5e5f965f7ee2456026e2be87
003_S_6432
/home/ubuntu/Desktop/ADNI_MRI_Image/nii_MCI/003_S_6432/2_accelerated_sagittal_mprage.nii.gz
Waiting for upload task to be ready...
Uploading data..
Dataset successfully uploaded
Validating data... (brainlife/validator-neuro-anat)
submitting validation task..
waiting for validation task..
Warning: transform matrix 0.1 is not 1
waiting for archive request made on the validation output
5e5f96837ee24539dae2bea5(stored) Successfully completed in 0.34 mins on wrangler(nfs)
archived! 5e5f96837ee24539dae2bea5
003_S_6479
/home/ubuntu/Desktop/ADNI_MRI_Image/nii_MCI/003_S_6479/2_accelerated_sagittal_mprage.nii.gz
Waiting for upload task to be ready...
Uploading data..
Dataset successfully uploaded
Validating data... (brainlife/validator-neuro-anat)
submitting validation task..
waiting for validation task..
Warning: transform matrix 0.1 is not 1
waiting for archive request made on the validation output
5e5f96aa7ee245baace2bf00(stored) Successfully completed in 0.14 mins on wrangler(nfs)
archived! 5e5f96aa7ee245baace2bf00
003_S_6606
/home/ubuntu/Desktop/ADNI_MRI_Image/nii_MCI/003_S_6606/2_accelerated_sagittal_mprage.nii.gz
Waiting for upload task to be ready...
Uploading data..
Dataset successfully uploaded
Validating data... (brainlife/validator-neuro-anat)
submitting validation task..
waiting for validation task..
Warning: transform matrix 0.1 is not 1
waiting for archive request made on the validation output
5e5f96c07ee245f6f0e2bf1a(stored) Successfully completed in 0.33 mins on wrangler(nfs)
archived! 5e5f96c07ee245f6f0e2bf1a
